<?xml version="1.0" encoding="utf-8"?><testsuites name="pytest tests"><testsuite name="pytest" errors="0" failures="0" skipped="0" tests="10" time="0.775" timestamp="2026-07-11T08:34:56.639776+00:00" hostname="agent-env-22310c69-2bb4-4dad-8360-201412b4ee77"><testcase classname="tests.test_archive_api" name="test_api_root_health_message" time="0.186" /><testcase classname="tests.test_archive_api" name="test_archive_response_structure" time="0.112" /><testcase classname="tests.test_archive_api" name="test_archive_hero_stat_values" time="0.000" /><testcase classname="tests.test_archive_api" name="test_archive_seasons_include_latest_finished_season" time="0.000" /><testcase classname="tests.test_archive_api" name="test_archive_seasons_span_2007_to_2025_and_include_required_fields" time="0.000" /><testcase classname="tests.test_archive_api" name="test_archive_2020_season_values_exact" time="0.000" /><testcase classname="tests.test_archive_api" name="test_archive_tracks_include_silverstone_record" time="0.000" /><testcase classname="tests.test_archive_api" name="test_archive_victories_total_count" time="0.000" /><testcase classname="tests.test_archive_api" name="test_archive_victory_fields_and_numbering" time="0.000" /><testcase classname="tests.test_archive_api" name="test_archive_latest_victory_is_number_105_belgian_2024" time="0.000" /></testsuite></testsuites>